<?xml version="1.0" encoding="UTF-8"?>
<!-- Generated by org.testng.reporters.JUnitReportReporter -->
<testsuite skipped="0" hostname="DESKTOP-KI5Q3VH" name="test.ClientsTest" tests="1" failures="0" timestamp="31 May 2020 10:24:28 GMT" time="39.603" errors="0">
  <testcase name="verifyClient" time="39.603" classname="test.ClientsTest"/>
</testsuite> <!-- test.ClientsTest -->
