<?xml version="1.0" encoding="UTF-8"?>
<!-- Generated by org.testng.reporters.JUnitReportReporter -->
<testsuite skipped="0" hostname="DESKTOP-KI5Q3VH" name="test.CreateclientsTest" tests="1" failures="0" timestamp="31 May 2020 10:21:23 GMT" time="14.484" errors="0">
  <testcase name="verifyCreateclient" time="14.484" classname="test.CreateclientsTest"/>
</testsuite> <!-- test.CreateclientsTest -->
